# JRE version: Java(TM) SE Runtime Environment 18.9 (11.0.11+9) (build 11.0.11+9-LTS-194)
# Java VM: Java HotSpot(TM) 64-Bit Server VM 18.9 (11.0.11+9-LTS-194, mixed mode, tiered, compressed oops, g1 gc, windows-amd64)
Heap:
 garbage-first heap   total 202752K, used 99116K [0x00000006e0000000, 0x0000000800000000)
  region size 1024K, 5 young (5120K), 5 survivors (5120K)
 Metaspace       used 77915K, capacity 80161K, committed 80384K, reserved 1118208K
  class space    used 9892K, capacity 10646K, committed 10752K, reserved 1048576K
GC Heap History (10 events):
Event: 34.662 GC heap after
{Heap after GC invocations=42 (full 0):
 garbage-first heap   total 129024K, used 78835K [0x00000006e0000000, 0x0000000800000000)
  region size 1024K, 4 young (4096K), 4 survivors (4096K)
 Metaspace       used 72382K, capacity 74134K, committed 74240K, reserved 1114112K
  class space    used 9100K, capacity 9713K, committed 9728K, reserved 1048576K
}
Event: 35.309 GC heap before
{Heap before GC invocations=42 (full 0):
 garbage-first heap   total 129024K, used 103411K [0x00000006e0000000, 0x0000000800000000)
  region size 1024K, 28 young (28672K), 4 survivors (4096K)
 Metaspace       used 74137K, capacity 75943K, committed 76160K, reserved 1116160K
  class space    used 9337K, capacity 9991K, committed 10112K, reserved 1048576K
}
Event: 35.325 GC heap after
{Heap after GC invocations=43 (full 0):
 garbage-first heap   total 155648K, used 80783K [0x00000006e0000000, 0x0000000800000000)
  region size 1024K, 4 young (4096K), 4 survivors (4096K)
 Metaspace       used 74137K, capacity 75943K, committed 76160K, reserved 1116160K
  class space    used 9337K, capacity 9991K, committed 10112K, reserved 1048576K
}
Event: 36.592 GC heap before
{Heap before GC invocations=44 (full 0):
 garbage-first heap   total 155648K, used 115599K [0x00000006e0000000, 0x0000000800000000)
  region size 1024K, 38 young (38912K), 4 survivors (4096K)
 Metaspace       used 75246K, capacity 77094K, committed 77312K, reserved 1116160K
  class space    used 9543K, capacity 10223K, committed 10240K, reserved 1048576K
}
Event: 36.612 GC heap after
{Heap after GC invocations=45 (full 0):
 garbage-first heap   total 155648K, used 83968K [0x00000006e0000000, 0x0000000800000000)
  region size 1024K, 5 young (5120K), 5 survivors (5120K)
 Metaspace       used 75246K, capacity 77094K, committed 77312K, reserved 1116160K
  class space    used 9543K, capacity 10223K, committed 10240K, reserved 1048576K
}
Event: 39.785 GC heap before
{Heap before GC invocations=45 (full 0):
 garbage-first heap   total 155648K, used 118784K [0x00000006e0000000, 0x0000000800000000)
  region size 1024K, 40 young (40960K), 5 survivors (5120K)
 Metaspace       used 76606K, capacity 78672K, committed 78848K, reserved 1118208K
  class space    used 9710K, capacity 10432K, committed 10496K, reserved 1048576K
}
Event: 39.816 GC heap after
{Heap after GC invocations=46 (full 0):
 garbage-first heap   total 155648K, used 88970K [0x00000006e0000000, 0x0000000800000000)
  region size 1024K, 5 young (5120K), 5 survivors (5120K)
 Metaspace       used 76606K, capacity 78672K, committed 78848K, reserved 1118208K
  class space    used 9710K, capacity 10432K, committed 10496K, reserved 1048576K
}
Event: 40.911 GC heap before
{Heap before GC invocations=47 (full 0):
 garbage-first heap   total 155648K, used 95114K [0x00000006e0000000, 0x0000000800000000)
  region size 1024K, 12 young (12288K), 5 survivors (5120K)
 Metaspace       used 76863K, capacity 79015K, committed 79104K, reserved 1118208K
  class space    used 9742K, capacity 10479K, committed 10496K, reserved 1048576K
}
Event: 40.948 GC heap after
{Heap after GC invocations=48 (full 0):
 garbage-first heap   total 155648K, used 90520K [0x00000006e0000000, 0x0000000800000000)
  region size 1024K, 2 young (2048K), 2 survivors (2048K)
 Metaspace       used 76863K, capacity 79015K, committed 79104K, reserved 1118208K
  class space    used 9742K, capacity 10479K, committed 10496K, reserved 1048576K
}
Event: 44.273 GC heap before
{Heap before GC invocations=49 (full 0):
 garbage-first heap   total 155648K, used 125336K [0x00000006e0000000, 0x0000000800000000)
  region size 1024K, 34 young (34816K), 2 survivors (2048K)
 Metaspace       used 77915K, capacity 80161K, committed 80384K, reserved 1118208K
  class space    used 9892K, capacity 10646K, committed 10752K, reserved 1048576K
}

